Reading namelist information
Copying namelist
===========================================================
   WARNING! WARNING! WARNING! WARNING! WARNING! WARNING!   
   WARNING! WARNING! WARNING! WARNING! WARNING! WARNING!   
   WARNING! WARNING! WARNING! WARNING! WARNING! WARNING!   
   WARNING! WARNING! WARNING! WARNING! WARNING! WARNING!   
   WARNING! WARNING! WARNING! WARNING! WARNING! WARNING!   
   WARNING! WARNING! WARNING! WARNING! WARNING! WARNING!   
===========================================================
    You have set up the run to read in soil types based on 
 Lat/Lon.  This overrides the option to use user defined   
 sand and clay fractions- the DEFAULT SOIL PARAMETERS WILL 
 BE USED. To use the NL%SLXCLAY and NL%SLXSAND options, set
 NL%ISOILFLG to 2 and define the soil type through NL%NLSCON
===========================================================
+------------------------------------------------------------+
|           Ecosystem Demography Model, version 2.2           
+------------------------------------------------------------+
|  Input namelist filename is ED2IN
|
|  Single process execution on HISTORY run.
+------------------------------------------------------------+
  => Generating the land/sea mask.
./OGE2/OGE2_HEADER
 -> Getting file: ./OGE2/OGE2_00N060W.h5...
./FAO/FAO_HEADER
 -> Getting file: ./FAO/FAO_00N055W.h5...
 -> Getting file: ./FAO/FAO_05N055W.h5...
-------------------------------------------------------------
    === Reading past work from history (restart) file ===    
-------------------------------------------------------------
-------------------------------------------------------------
 
 + Work allocation, node     1;
 + Polygon array allocation, node     1;
 + Memory successfully allocated on none     1;
 [+] Load_Ed_Ecosystem_Params...
----------------------------------------
  Treefall disturbance parameters:
  - LAMBDA_REF  =  1.40000E-02
  - LAMBDA_EFF  =  1.40000E-02
  - TIME2CANOPY =  0.00000E+00
----------------------------------------
 [+] Checking for XML config...
*********************************************
**               WARNING!                  **
**                                         **
**    XML file wasn't found. Using default **
** parameters in ED.                       **
** (You provided config.xml).
**                                         **
*********************************************
 [+] Alloc_Soilgrid...
 [+] Set_Polygon_Coordinates...
 [+] Sfcdata_ED...
 [+] Init_Full_History_Restart...
-----------------------------------------------------
  Loading Full State (HISTORY)
 Checking anthropogenic disturbance.  Node: 01
 Checking prescribed phenology.  Node: 01
 [+] Init_Met_Drivers...
 [+] Read_Met_Drivers_Init...
------------------------------
 - METCYC1 =         2004
 - METCYCF =         2012
 - NYEARS  =           97
------------------------------
        IYEAR     YEAR_USE
            1         2004
            2         2005
            3         2006
            4         2007
            5         2008
            6         2009
            7         2010
            8         2011
            9         2012
           10         2004
           11         2005
           12         2006
           13         2007
           14         2008
           15         2009
           16         2010
           17         2011
           18         2012
           19         2004
           20         2005
           21         2006
           22         2007
           23         2008
           24         2009
           25         2010
           26         2011
           27         2012
           28         2004
           29         2005
           30         2006
           31         2007
           32         2008
           33         2009
           34         2010
           35         2011
           36         2012
           37         2004
           38         2005
           39         2006
           40         2007
           41         2008
           42         2009
           43         2010
           44         2011
           45         2012
           46         2004
           47         2005
           48         2006
           49         2007
           50         2008
           51         2009
           52         2010
           53         2011
           54         2012
           55         2004
           56         2005
           57         2006
           58         2007
           59         2008
           60         2009
           61         2010
           62         2011
           63         2012
           64         2004
           65         2005
           66         2006
           67         2007
           68         2008
           69         2009
           70         2010
           71         2011
           72         2012
           73         2004
           74         2005
           75         2006
           76         2007
           77         2008
           78         2009
           79         2010
           80         2011
           81         2012
           82         2004
           83         2005
           84         2006
           85         2007
           86         2008
           87         2009
           88         2010
           89         2011
           90         2012
           91         2004
           92         2005
           93         2006
           94         2007
           95         2008
           96         2009
           97         2010
------------------------------
 
 [+] Update_met_drivers...
 [+] Ed_Init_Atm...
 [+] initHydrology...
initHydrology | mynum=         1 ngrids=         1 mpolys=         1 msites=         1
Allocated | mynum=         1 ngrids=         1 mpolys=         1 msites=         1
Updated | mynum=         1 ngrids=         1 mpolys=         1 msites=         1
Deallocated | mynum=         1 ngrids=         1 mpolys=         1 msites=         1
 [+] Filltab_Alltypes...
 [+] Finding frqsum...

 === Finish initialization; CPU(sec)=0.22; Wall(sec)=0.06; Time integration starts (ed_master) ===

 === Time integration starts (model) ===
 - Simulating:   01/01/2006 00:00:00 UTC
 - Simulating:   01/02/2006 00:00:00 UTC
 - Simulating:   01/03/2006 00:00:00 UTC
 - Simulating:   01/04/2006 00:00:00 UTC
 - Simulating:   01/05/2006 00:00:00 UTC
 - Simulating:   01/06/2006 00:00:00 UTC
 - Simulating:   01/07/2006 00:00:00 UTC
 - Simulating:   01/08/2006 00:00:00 UTC
 - Simulating:   01/09/2006 00:00:00 UTC
 - Simulating:   01/10/2006 00:00:00 UTC
 - Simulating:   01/11/2006 00:00:00 UTC
 - Simulating:   01/12/2006 00:00:00 UTC
 - Simulating:   01/13/2006 00:00:00 UTC
 - Simulating:   01/14/2006 00:00:00 UTC
 - Simulating:   01/15/2006 00:00:00 UTC
 - Simulating:   01/16/2006 00:00:00 UTC
 - Simulating:   01/17/2006 00:00:00 UTC
 - Simulating:   01/18/2006 00:00:00 UTC
 - Simulating:   01/19/2006 00:00:00 UTC
 - Simulating:   01/20/2006 00:00:00 UTC
 - Simulating:   01/21/2006 00:00:00 UTC
 - Simulating:   01/22/2006 00:00:00 UTC
 - Simulating:   01/23/2006 00:00:00 UTC
 - Simulating:   01/24/2006 00:00:00 UTC
 - Simulating:   01/25/2006 00:00:00 UTC
 - Simulating:   01/26/2006 00:00:00 UTC
 - Simulating:   01/27/2006 00:00:00 UTC
 - Simulating:   01/28/2006 00:00:00 UTC
 - Simulating:   01/29/2006 00:00:00 UTC
 - Simulating:   01/30/2006 00:00:00 UTC
 - Simulating:   01/31/2006 00:00:00 UTC
 - Simulating:   02/01/2006 00:00:00 UTC
 - Simulating:   02/02/2006 00:00:00 UTC
 - Simulating:   02/03/2006 00:00:00 UTC
 - Simulating:   02/04/2006 00:00:00 UTC
 - Simulating:   02/05/2006 00:00:00 UTC
 - Simulating:   02/06/2006 00:00:00 UTC
 - Simulating:   02/07/2006 00:00:00 UTC
 - Simulating:   02/08/2006 00:00:00 UTC
 - Simulating:   02/09/2006 00:00:00 UTC
 - Simulating:   02/10/2006 00:00:00 UTC
 - Simulating:   02/11/2006 00:00:00 UTC
 - Simulating:   02/12/2006 00:00:00 UTC
 - Simulating:   02/13/2006 00:00:00 UTC
 - Simulating:   02/14/2006 00:00:00 UTC
 - Simulating:   02/15/2006 00:00:00 UTC
 - Simulating:   02/16/2006 00:00:00 UTC
 - Simulating:   02/17/2006 00:00:00 UTC
 - Simulating:   02/18/2006 00:00:00 UTC
 - Simulating:   02/19/2006 00:00:00 UTC
 - Simulating:   02/20/2006 00:00:00 UTC
 - Simulating:   02/21/2006 00:00:00 UTC
 - Simulating:   02/22/2006 00:00:00 UTC
 - Simulating:   02/23/2006 00:00:00 UTC
 - Simulating:   02/24/2006 00:00:00 UTC
 - Simulating:   02/25/2006 00:00:00 UTC
 - Simulating:   02/26/2006 00:00:00 UTC
 - Simulating:   02/27/2006 00:00:00 UTC
 - Simulating:   02/28/2006 00:00:00 UTC
 - Simulating:   03/01/2006 00:00:00 UTC
 - Simulating:   03/02/2006 00:00:00 UTC
 - Simulating:   03/03/2006 00:00:00 UTC
 - Simulating:   03/04/2006 00:00:00 UTC
 - Simulating:   03/05/2006 00:00:00 UTC
 - Simulating:   03/06/2006 00:00:00 UTC
 - Simulating:   03/07/2006 00:00:00 UTC
 - Simulating:   03/08/2006 00:00:00 UTC
 - Simulating:   03/09/2006 00:00:00 UTC
 - Simulating:   03/10/2006 00:00:00 UTC
 - Simulating:   03/11/2006 00:00:00 UTC
 - Simulating:   03/12/2006 00:00:00 UTC
 - Simulating:   03/13/2006 00:00:00 UTC
 - Simulating:   03/14/2006 00:00:00 UTC
 - Simulating:   03/15/2006 00:00:00 UTC
 - Simulating:   03/16/2006 00:00:00 UTC
 - Simulating:   03/17/2006 00:00:00 UTC
 - Simulating:   03/18/2006 00:00:00 UTC
 - Simulating:   03/19/2006 00:00:00 UTC
 - Simulating:   03/20/2006 00:00:00 UTC
 - Simulating:   03/21/2006 00:00:00 UTC
 - Simulating:   03/22/2006 00:00:00 UTC
 - Simulating:   03/23/2006 00:00:00 UTC
 - Simulating:   03/24/2006 00:00:00 UTC
 - Simulating:   03/25/2006 00:00:00 UTC
 - Simulating:   03/26/2006 00:00:00 UTC
 - Simulating:   03/27/2006 00:00:00 UTC
 - Simulating:   03/28/2006 00:00:00 UTC
 - Simulating:   03/29/2006 00:00:00 UTC
 - Simulating:   03/30/2006 00:00:00 UTC
 - Simulating:   03/31/2006 00:00:00 UTC
 - Simulating:   04/01/2006 00:00:00 UTC
 - Simulating:   04/02/2006 00:00:00 UTC
 - Simulating:   04/03/2006 00:00:00 UTC
 - Simulating:   04/04/2006 00:00:00 UTC
 - Simulating:   04/05/2006 00:00:00 UTC
 - Simulating:   04/06/2006 00:00:00 UTC
 - Simulating:   04/07/2006 00:00:00 UTC
 - Simulating:   04/08/2006 00:00:00 UTC
 - Simulating:   04/09/2006 00:00:00 UTC
 - Simulating:   04/10/2006 00:00:00 UTC
 - Simulating:   04/11/2006 00:00:00 UTC
 - Simulating:   04/12/2006 00:00:00 UTC
 - Simulating:   04/13/2006 00:00:00 UTC
 - Simulating:   04/14/2006 00:00:00 UTC
 - Simulating:   04/15/2006 00:00:00 UTC
 - Simulating:   04/16/2006 00:00:00 UTC
 - Simulating:   04/17/2006 00:00:00 UTC
 - Simulating:   04/18/2006 00:00:00 UTC
 - Simulating:   04/19/2006 00:00:00 UTC
 - Simulating:   04/20/2006 00:00:00 UTC
 - Simulating:   04/21/2006 00:00:00 UTC
 - Simulating:   04/22/2006 00:00:00 UTC
 - Simulating:   04/23/2006 00:00:00 UTC
 - Simulating:   04/24/2006 00:00:00 UTC
 - Simulating:   04/25/2006 00:00:00 UTC
 - Simulating:   04/26/2006 00:00:00 UTC
 - Simulating:   04/27/2006 00:00:00 UTC
 - Simulating:   04/28/2006 00:00:00 UTC
 - Simulating:   04/29/2006 00:00:00 UTC
 - Simulating:   04/30/2006 00:00:00 UTC
 - Simulating:   05/01/2006 00:00:00 UTC
 - Simulating:   05/02/2006 00:00:00 UTC
 - Simulating:   05/03/2006 00:00:00 UTC
 - Simulating:   05/04/2006 00:00:00 UTC
 - Simulating:   05/05/2006 00:00:00 UTC
 - Simulating:   05/06/2006 00:00:00 UTC
 - Simulating:   05/07/2006 00:00:00 UTC
 - Simulating:   05/08/2006 00:00:00 UTC
 - Simulating:   05/09/2006 00:00:00 UTC
 - Simulating:   05/10/2006 00:00:00 UTC
 - Simulating:   05/11/2006 00:00:00 UTC
 - Simulating:   05/12/2006 00:00:00 UTC
 - Simulating:   05/13/2006 00:00:00 UTC
 - Simulating:   05/14/2006 00:00:00 UTC
 - Simulating:   05/15/2006 00:00:00 UTC
 - Simulating:   05/16/2006 00:00:00 UTC
 - Simulating:   05/17/2006 00:00:00 UTC
 - Simulating:   05/18/2006 00:00:00 UTC
 - Simulating:   05/19/2006 00:00:00 UTC
 - Simulating:   05/20/2006 00:00:00 UTC
 - Simulating:   05/21/2006 00:00:00 UTC
 - Simulating:   05/22/2006 00:00:00 UTC
 - Simulating:   05/23/2006 00:00:00 UTC
 - Simulating:   05/24/2006 00:00:00 UTC
 - Simulating:   05/25/2006 00:00:00 UTC
 - Simulating:   05/26/2006 00:00:00 UTC
 - Simulating:   05/27/2006 00:00:00 UTC
 - Simulating:   05/28/2006 00:00:00 UTC
 - Simulating:   05/29/2006 00:00:00 UTC
 - Simulating:   05/30/2006 00:00:00 UTC
 - Simulating:   05/31/2006 00:00:00 UTC
 - Simulating:   06/01/2006 00:00:00 UTC
 - Simulating:   06/02/2006 00:00:00 UTC
 - Simulating:   06/03/2006 00:00:00 UTC
 - Simulating:   06/04/2006 00:00:00 UTC
 - Simulating:   06/05/2006 00:00:00 UTC
 - Simulating:   06/06/2006 00:00:00 UTC
 - Simulating:   06/07/2006 00:00:00 UTC
 - Simulating:   06/08/2006 00:00:00 UTC
 - Simulating:   06/09/2006 00:00:00 UTC
 - Simulating:   06/10/2006 00:00:00 UTC
 - Simulating:   06/11/2006 00:00:00 UTC
 - Simulating:   06/12/2006 00:00:00 UTC
 - Simulating:   06/13/2006 00:00:00 UTC
 - Simulating:   06/14/2006 00:00:00 UTC
 - Simulating:   06/15/2006 00:00:00 UTC
 - Simulating:   06/16/2006 00:00:00 UTC
 - Simulating:   06/17/2006 00:00:00 UTC
 - Simulating:   06/18/2006 00:00:00 UTC
 - Simulating:   06/19/2006 00:00:00 UTC
 - Simulating:   06/20/2006 00:00:00 UTC
 - Simulating:   06/21/2006 00:00:00 UTC
 - Simulating:   06/22/2006 00:00:00 UTC
 - Simulating:   06/23/2006 00:00:00 UTC
 - Simulating:   06/24/2006 00:00:00 UTC
 - Simulating:   06/25/2006 00:00:00 UTC
 - Simulating:   06/26/2006 00:00:00 UTC
 - Simulating:   06/27/2006 00:00:00 UTC
 - Simulating:   06/28/2006 00:00:00 UTC
 - Simulating:   06/29/2006 00:00:00 UTC
 - Simulating:   06/30/2006 00:00:00 UTC
 - Simulating:   07/01/2006 00:00:00 UTC
 - Simulating:   07/02/2006 00:00:00 UTC
 - Simulating:   07/03/2006 00:00:00 UTC
 - Simulating:   07/04/2006 00:00:00 UTC
 - Simulating:   07/05/2006 00:00:00 UTC
 - Simulating:   07/06/2006 00:00:00 UTC
 - Simulating:   07/07/2006 00:00:00 UTC
 - Simulating:   07/08/2006 00:00:00 UTC
 - Simulating:   07/09/2006 00:00:00 UTC
 - Simulating:   07/10/2006 00:00:00 UTC
 - Simulating:   07/11/2006 00:00:00 UTC
 - Simulating:   07/12/2006 00:00:00 UTC
 - Simulating:   07/13/2006 00:00:00 UTC
 - Simulating:   07/14/2006 00:00:00 UTC
 - Simulating:   07/15/2006 00:00:00 UTC
 - Simulating:   07/16/2006 00:00:00 UTC
 - Simulating:   07/17/2006 00:00:00 UTC
 - Simulating:   07/18/2006 00:00:00 UTC
 - Simulating:   07/19/2006 00:00:00 UTC
 - Simulating:   07/20/2006 00:00:00 UTC
 - Simulating:   07/21/2006 00:00:00 UTC
 - Simulating:   07/22/2006 00:00:00 UTC
 - Simulating:   07/23/2006 00:00:00 UTC
 - Simulating:   07/24/2006 00:00:00 UTC
 - Simulating:   07/25/2006 00:00:00 UTC
 - Simulating:   07/26/2006 00:00:00 UTC
 - Simulating:   07/27/2006 00:00:00 UTC
 - Simulating:   07/28/2006 00:00:00 UTC
 - Simulating:   07/29/2006 00:00:00 UTC
 - Simulating:   07/30/2006 00:00:00 UTC
 - Simulating:   07/31/2006 00:00:00 UTC
 - Simulating:   08/01/2006 00:00:00 UTC
 - Simulating:   08/02/2006 00:00:00 UTC
 - Simulating:   08/03/2006 00:00:00 UTC
 - Simulating:   08/04/2006 00:00:00 UTC
 - Simulating:   08/05/2006 00:00:00 UTC
 - Simulating:   08/06/2006 00:00:00 UTC
 - Simulating:   08/07/2006 00:00:00 UTC
 - Simulating:   08/08/2006 00:00:00 UTC
 - Simulating:   08/09/2006 00:00:00 UTC
 - Simulating:   08/10/2006 00:00:00 UTC
 - Simulating:   08/11/2006 00:00:00 UTC
 - Simulating:   08/12/2006 00:00:00 UTC
 - Simulating:   08/13/2006 00:00:00 UTC
 - Simulating:   08/14/2006 00:00:00 UTC
 - Simulating:   08/15/2006 00:00:00 UTC
 - Simulating:   08/16/2006 00:00:00 UTC
 - Simulating:   08/17/2006 00:00:00 UTC
 - Simulating:   08/18/2006 00:00:00 UTC
 - Simulating:   08/19/2006 00:00:00 UTC
 - Simulating:   08/20/2006 00:00:00 UTC
 - Simulating:   08/21/2006 00:00:00 UTC
 - Simulating:   08/22/2006 00:00:00 UTC
 - Simulating:   08/23/2006 00:00:00 UTC
 - Simulating:   08/24/2006 00:00:00 UTC
 - Simulating:   08/25/2006 00:00:00 UTC
 - Simulating:   08/26/2006 00:00:00 UTC
 - Simulating:   08/27/2006 00:00:00 UTC
 - Simulating:   08/28/2006 00:00:00 UTC
 - Simulating:   08/29/2006 00:00:00 UTC
 - Simulating:   08/30/2006 00:00:00 UTC
 - Simulating:   08/31/2006 00:00:00 UTC
 - Simulating:   09/01/2006 00:00:00 UTC
 - Simulating:   09/02/2006 00:00:00 UTC
 - Simulating:   09/03/2006 00:00:00 UTC
 - Simulating:   09/04/2006 00:00:00 UTC
 - Simulating:   09/05/2006 00:00:00 UTC
 - Simulating:   09/06/2006 00:00:00 UTC
 - Simulating:   09/07/2006 00:00:00 UTC
 - Simulating:   09/08/2006 00:00:00 UTC
 - Simulating:   09/09/2006 00:00:00 UTC
 - Simulating:   09/10/2006 00:00:00 UTC
 - Simulating:   09/11/2006 00:00:00 UTC
 - Simulating:   09/12/2006 00:00:00 UTC
 - Simulating:   09/13/2006 00:00:00 UTC
 - Simulating:   09/14/2006 00:00:00 UTC
 - Simulating:   09/15/2006 00:00:00 UTC
 - Simulating:   09/16/2006 00:00:00 UTC
 - Simulating:   09/17/2006 00:00:00 UTC
 - Simulating:   09/18/2006 00:00:00 UTC
 - Simulating:   09/19/2006 00:00:00 UTC
 - Simulating:   09/20/2006 00:00:00 UTC
 - Simulating:   09/21/2006 00:00:00 UTC
 - Simulating:   09/22/2006 00:00:00 UTC
 - Simulating:   09/23/2006 00:00:00 UTC
 - Simulating:   09/24/2006 00:00:00 UTC
 - Simulating:   09/25/2006 00:00:00 UTC
 - Simulating:   09/26/2006 00:00:00 UTC
 - Simulating:   09/27/2006 00:00:00 UTC
 - Simulating:   09/28/2006 00:00:00 UTC
 - Simulating:   09/29/2006 00:00:00 UTC
 - Simulating:   09/30/2006 00:00:00 UTC
 - Simulating:   10/01/2006 00:00:00 UTC
 - Simulating:   10/02/2006 00:00:00 UTC
 - Simulating:   10/03/2006 00:00:00 UTC
 - Simulating:   10/04/2006 00:00:00 UTC
 - Simulating:   10/05/2006 00:00:00 UTC
 - Simulating:   10/06/2006 00:00:00 UTC
 - Simulating:   10/07/2006 00:00:00 UTC
 - Simulating:   10/08/2006 00:00:00 UTC
 - Simulating:   10/09/2006 00:00:00 UTC
 - Simulating:   10/10/2006 00:00:00 UTC
 - Simulating:   10/11/2006 00:00:00 UTC
 - Simulating:   10/12/2006 00:00:00 UTC
 - Simulating:   10/13/2006 00:00:00 UTC
 - Simulating:   10/14/2006 00:00:00 UTC
 - Simulating:   10/15/2006 00:00:00 UTC
 - Simulating:   10/16/2006 00:00:00 UTC
 - Simulating:   10/17/2006 00:00:00 UTC
 - Simulating:   10/18/2006 00:00:00 UTC
 - Simulating:   10/19/2006 00:00:00 UTC
 - Simulating:   10/20/2006 00:00:00 UTC
 - Simulating:   10/21/2006 00:00:00 UTC
 - Simulating:   10/22/2006 00:00:00 UTC
 - Simulating:   10/23/2006 00:00:00 UTC
 - Simulating:   10/24/2006 00:00:00 UTC
 - Simulating:   10/25/2006 00:00:00 UTC
 - Simulating:   10/26/2006 00:00:00 UTC
 - Simulating:   10/27/2006 00:00:00 UTC
 - Simulating:   10/28/2006 00:00:00 UTC
 - Simulating:   10/29/2006 00:00:00 UTC
 - Simulating:   10/30/2006 00:00:00 UTC
 - Simulating:   10/31/2006 00:00:00 UTC
 - Simulating:   11/01/2006 00:00:00 UTC
 - Simulating:   11/02/2006 00:00:00 UTC
 - Simulating:   11/03/2006 00:00:00 UTC
 - Simulating:   11/04/2006 00:00:00 UTC
 - Simulating:   11/05/2006 00:00:00 UTC
 - Simulating:   11/06/2006 00:00:00 UTC
 - Simulating:   11/07/2006 00:00:00 UTC
 - Simulating:   11/08/2006 00:00:00 UTC
 - Simulating:   11/09/2006 00:00:00 UTC
 - Simulating:   11/10/2006 00:00:00 UTC
 - Simulating:   11/11/2006 00:00:00 UTC
 - Simulating:   11/12/2006 00:00:00 UTC
 - Simulating:   11/13/2006 00:00:00 UTC
 - Simulating:   11/14/2006 00:00:00 UTC
 - Simulating:   11/15/2006 00:00:00 UTC
 - Simulating:   11/16/2006 00:00:00 UTC
 - Simulating:   11/17/2006 00:00:00 UTC
 - Simulating:   11/18/2006 00:00:00 UTC
 - Simulating:   11/19/2006 00:00:00 UTC
 - Simulating:   11/20/2006 00:00:00 UTC
 - Simulating:   11/21/2006 00:00:00 UTC
 - Simulating:   11/22/2006 00:00:00 UTC
 - Simulating:   11/23/2006 00:00:00 UTC
 - Simulating:   11/24/2006 00:00:00 UTC
 - Simulating:   11/25/2006 00:00:00 UTC
 - Simulating:   11/26/2006 00:00:00 UTC
 - Simulating:   11/27/2006 00:00:00 UTC
 - Simulating:   11/28/2006 00:00:00 UTC
 - Simulating:   11/29/2006 00:00:00 UTC
 - Simulating:   11/30/2006 00:00:00 UTC
 - Simulating:   12/01/2006 00:00:00 UTC
 - Simulating:   12/02/2006 00:00:00 UTC
 - Simulating:   12/03/2006 00:00:00 UTC
 - Simulating:   12/04/2006 00:00:00 UTC
 - Simulating:   12/05/2006 00:00:00 UTC
 - Simulating:   12/06/2006 00:00:00 UTC
 - Simulating:   12/07/2006 00:00:00 UTC
 - Simulating:   12/08/2006 00:00:00 UTC
 - Simulating:   12/09/2006 00:00:00 UTC
 - Simulating:   12/10/2006 00:00:00 UTC
 - Simulating:   12/11/2006 00:00:00 UTC
 - Simulating:   12/12/2006 00:00:00 UTC
 - Simulating:   12/13/2006 00:00:00 UTC
 - Simulating:   12/14/2006 00:00:00 UTC
 - Simulating:   12/15/2006 00:00:00 UTC
 - Simulating:   12/16/2006 00:00:00 UTC
 - Simulating:   12/17/2006 00:00:00 UTC
 - Simulating:   12/18/2006 00:00:00 UTC
 - Simulating:   12/19/2006 00:00:00 UTC
 - Simulating:   12/20/2006 00:00:00 UTC
 - Simulating:   12/21/2006 00:00:00 UTC
 - Simulating:   12/22/2006 00:00:00 UTC
 - Simulating:   12/23/2006 00:00:00 UTC
 - Simulating:   12/24/2006 00:00:00 UTC
 - Simulating:   12/25/2006 00:00:00 UTC
 - Simulating:   12/26/2006 00:00:00 UTC
 - Simulating:   12/27/2006 00:00:00 UTC
 - Simulating:   12/28/2006 00:00:00 UTC
 - Simulating:   12/29/2006 00:00:00 UTC
 - Simulating:   12/30/2006 00:00:00 UTC
 - Simulating:   12/31/2006 00:00:00 UTC
 ---> Making new patch, with area=  1.39025E-02  for dist_type=     3
Total count in node        1 for grid        1 : POLYGONS=        1 SITES=        1 PATCHES=       12 COHORTS=      229
 - Simulating:   01/01/2007 00:00:00 UTC
 - Simulating:   01/02/2007 00:00:00 UTC
 - Simulating:   01/03/2007 00:00:00 UTC
 - Simulating:   01/04/2007 00:00:00 UTC
 - Simulating:   01/05/2007 00:00:00 UTC
 - Simulating:   01/06/2007 00:00:00 UTC
 - Simulating:   01/07/2007 00:00:00 UTC
 - Simulating:   01/08/2007 00:00:00 UTC
 - Simulating:   01/09/2007 00:00:00 UTC
 - Simulating:   01/10/2007 00:00:00 UTC
 - Simulating:   01/11/2007 00:00:00 UTC
 - Simulating:   01/12/2007 00:00:00 UTC
 - Simulating:   01/13/2007 00:00:00 UTC
 - Simulating:   01/14/2007 00:00:00 UTC
 - Simulating:   01/15/2007 00:00:00 UTC
 - Simulating:   01/16/2007 00:00:00 UTC
 - Simulating:   01/17/2007 00:00:00 UTC
 - Simulating:   01/18/2007 00:00:00 UTC
 - Simulating:   01/19/2007 00:00:00 UTC
 - Simulating:   01/20/2007 00:00:00 UTC
 - Simulating:   01/21/2007 00:00:00 UTC
 - Simulating:   01/22/2007 00:00:00 UTC
 - Simulating:   01/23/2007 00:00:00 UTC
 - Simulating:   01/24/2007 00:00:00 UTC
 - Simulating:   01/25/2007 00:00:00 UTC
 - Simulating:   01/26/2007 00:00:00 UTC
 - Simulating:   01/27/2007 00:00:00 UTC
 - Simulating:   01/28/2007 00:00:00 UTC
 - Simulating:   01/29/2007 00:00:00 UTC
 - Simulating:   01/30/2007 00:00:00 UTC
 - Simulating:   01/31/2007 00:00:00 UTC
 - Simulating:   02/01/2007 00:00:00 UTC
 - Simulating:   02/02/2007 00:00:00 UTC
 - Simulating:   02/03/2007 00:00:00 UTC
 - Simulating:   02/04/2007 00:00:00 UTC
 - Simulating:   02/05/2007 00:00:00 UTC
 - Simulating:   02/06/2007 00:00:00 UTC
 - Simulating:   02/07/2007 00:00:00 UTC
 - Simulating:   02/08/2007 00:00:00 UTC
 - Simulating:   02/09/2007 00:00:00 UTC
 - Simulating:   02/10/2007 00:00:00 UTC
 - Simulating:   02/11/2007 00:00:00 UTC
 - Simulating:   02/12/2007 00:00:00 UTC
 - Simulating:   02/13/2007 00:00:00 UTC
 - Simulating:   02/14/2007 00:00:00 UTC
 - Simulating:   02/15/2007 00:00:00 UTC
 - Simulating:   02/16/2007 00:00:00 UTC
 - Simulating:   02/17/2007 00:00:00 UTC
 - Simulating:   02/18/2007 00:00:00 UTC
 - Simulating:   02/19/2007 00:00:00 UTC
 - Simulating:   02/20/2007 00:00:00 UTC
 - Simulating:   02/21/2007 00:00:00 UTC
 - Simulating:   02/22/2007 00:00:00 UTC
 - Simulating:   02/23/2007 00:00:00 UTC
 - Simulating:   02/24/2007 00:00:00 UTC
 - Simulating:   02/25/2007 00:00:00 UTC
 - Simulating:   02/26/2007 00:00:00 UTC
 - Simulating:   02/27/2007 00:00:00 UTC
 - Simulating:   02/28/2007 00:00:00 UTC
 - Simulating:   03/01/2007 00:00:00 UTC
 - Simulating:   03/02/2007 00:00:00 UTC
 - Simulating:   03/03/2007 00:00:00 UTC
 - Simulating:   03/04/2007 00:00:00 UTC
 - Simulating:   03/05/2007 00:00:00 UTC
 - Simulating:   03/06/2007 00:00:00 UTC
 - Simulating:   03/07/2007 00:00:00 UTC
 - Simulating:   03/08/2007 00:00:00 UTC
 - Simulating:   03/09/2007 00:00:00 UTC
 - Simulating:   03/10/2007 00:00:00 UTC
 - Simulating:   03/11/2007 00:00:00 UTC
 - Simulating:   03/12/2007 00:00:00 UTC
 - Simulating:   03/13/2007 00:00:00 UTC
 - Simulating:   03/14/2007 00:00:00 UTC
 - Simulating:   03/15/2007 00:00:00 UTC
 - Simulating:   03/16/2007 00:00:00 UTC
 - Simulating:   03/17/2007 00:00:00 UTC
 - Simulating:   03/18/2007 00:00:00 UTC
 - Simulating:   03/19/2007 00:00:00 UTC
 - Simulating:   03/20/2007 00:00:00 UTC
 - Simulating:   03/21/2007 00:00:00 UTC
 - Simulating:   03/22/2007 00:00:00 UTC
 - Simulating:   03/23/2007 00:00:00 UTC
 - Simulating:   03/24/2007 00:00:00 UTC
 - Simulating:   03/25/2007 00:00:00 UTC
 - Simulating:   03/26/2007 00:00:00 UTC
 - Simulating:   03/27/2007 00:00:00 UTC
 - Simulating:   03/28/2007 00:00:00 UTC
 - Simulating:   03/29/2007 00:00:00 UTC
 - Simulating:   03/30/2007 00:00:00 UTC
 - Simulating:   03/31/2007 00:00:00 UTC
 - Simulating:   04/01/2007 00:00:00 UTC
 - Simulating:   04/02/2007 00:00:00 UTC
 - Simulating:   04/03/2007 00:00:00 UTC
 - Simulating:   04/04/2007 00:00:00 UTC
 - Simulating:   04/05/2007 00:00:00 UTC
 - Simulating:   04/06/2007 00:00:00 UTC
 - Simulating:   04/07/2007 00:00:00 UTC
 - Simulating:   04/08/2007 00:00:00 UTC
 - Simulating:   04/09/2007 00:00:00 UTC
 - Simulating:   04/10/2007 00:00:00 UTC
 - Simulating:   04/11/2007 00:00:00 UTC
 - Simulating:   04/12/2007 00:00:00 UTC
 - Simulating:   04/13/2007 00:00:00 UTC
 - Simulating:   04/14/2007 00:00:00 UTC
 - Simulating:   04/15/2007 00:00:00 UTC
 - Simulating:   04/16/2007 00:00:00 UTC
 - Simulating:   04/17/2007 00:00:00 UTC
 - Simulating:   04/18/2007 00:00:00 UTC
 - Simulating:   04/19/2007 00:00:00 UTC
 - Simulating:   04/20/2007 00:00:00 UTC
 - Simulating:   04/21/2007 00:00:00 UTC
 - Simulating:   04/22/2007 00:00:00 UTC
 - Simulating:   04/23/2007 00:00:00 UTC
 - Simulating:   04/24/2007 00:00:00 UTC
 - Simulating:   04/25/2007 00:00:00 UTC
 - Simulating:   04/26/2007 00:00:00 UTC
 - Simulating:   04/27/2007 00:00:00 UTC
 - Simulating:   04/28/2007 00:00:00 UTC
 - Simulating:   04/29/2007 00:00:00 UTC
 - Simulating:   04/30/2007 00:00:00 UTC
 - Simulating:   05/01/2007 00:00:00 UTC
 - Simulating:   05/02/2007 00:00:00 UTC
 - Simulating:   05/03/2007 00:00:00 UTC
 - Simulating:   05/04/2007 00:00:00 UTC
 - Simulating:   05/05/2007 00:00:00 UTC
 - Simulating:   05/06/2007 00:00:00 UTC
 - Simulating:   05/07/2007 00:00:00 UTC
 - Simulating:   05/08/2007 00:00:00 UTC
 - Simulating:   05/09/2007 00:00:00 UTC
 - Simulating:   05/10/2007 00:00:00 UTC
 - Simulating:   05/11/2007 00:00:00 UTC
 - Simulating:   05/12/2007 00:00:00 UTC
 - Simulating:   05/13/2007 00:00:00 UTC
 - Simulating:   05/14/2007 00:00:00 UTC
 - Simulating:   05/15/2007 00:00:00 UTC
 - Simulating:   05/16/2007 00:00:00 UTC
 - Simulating:   05/17/2007 00:00:00 UTC
 - Simulating:   05/18/2007 00:00:00 UTC
 - Simulating:   05/19/2007 00:00:00 UTC
 - Simulating:   05/20/2007 00:00:00 UTC
 - Simulating:   05/21/2007 00:00:00 UTC
 - Simulating:   05/22/2007 00:00:00 UTC
 - Simulating:   05/23/2007 00:00:00 UTC
 - Simulating:   05/24/2007 00:00:00 UTC
 - Simulating:   05/25/2007 00:00:00 UTC
 - Simulating:   05/26/2007 00:00:00 UTC
 - Simulating:   05/27/2007 00:00:00 UTC
 - Simulating:   05/28/2007 00:00:00 UTC
 - Simulating:   05/29/2007 00:00:00 UTC
 - Simulating:   05/30/2007 00:00:00 UTC
 - Simulating:   05/31/2007 00:00:00 UTC
 - Simulating:   06/01/2007 00:00:00 UTC
 - Simulating:   06/02/2007 00:00:00 UTC
 - Simulating:   06/03/2007 00:00:00 UTC
 - Simulating:   06/04/2007 00:00:00 UTC
 - Simulating:   06/05/2007 00:00:00 UTC
 - Simulating:   06/06/2007 00:00:00 UTC
 - Simulating:   06/07/2007 00:00:00 UTC
 - Simulating:   06/08/2007 00:00:00 UTC
 - Simulating:   06/09/2007 00:00:00 UTC
 - Simulating:   06/10/2007 00:00:00 UTC
 - Simulating:   06/11/2007 00:00:00 UTC
 - Simulating:   06/12/2007 00:00:00 UTC
 - Simulating:   06/13/2007 00:00:00 UTC
 - Simulating:   06/14/2007 00:00:00 UTC
 - Simulating:   06/15/2007 00:00:00 UTC
 - Simulating:   06/16/2007 00:00:00 UTC
 - Simulating:   06/17/2007 00:00:00 UTC
 - Simulating:   06/18/2007 00:00:00 UTC
 - Simulating:   06/19/2007 00:00:00 UTC
 - Simulating:   06/20/2007 00:00:00 UTC
 - Simulating:   06/21/2007 00:00:00 UTC
 - Simulating:   06/22/2007 00:00:00 UTC
 - Simulating:   06/23/2007 00:00:00 UTC
 - Simulating:   06/24/2007 00:00:00 UTC
 - Simulating:   06/25/2007 00:00:00 UTC
 - Simulating:   06/26/2007 00:00:00 UTC
 - Simulating:   06/27/2007 00:00:00 UTC
 - Simulating:   06/28/2007 00:00:00 UTC
 - Simulating:   06/29/2007 00:00:00 UTC
 - Simulating:   06/30/2007 00:00:00 UTC
 - Simulating:   07/01/2007 00:00:00 UTC
 - Simulating:   07/02/2007 00:00:00 UTC
 - Simulating:   07/03/2007 00:00:00 UTC
 - Simulating:   07/04/2007 00:00:00 UTC
 - Simulating:   07/05/2007 00:00:00 UTC
 - Simulating:   07/06/2007 00:00:00 UTC
 - Simulating:   07/07/2007 00:00:00 UTC
 - Simulating:   07/08/2007 00:00:00 UTC
 - Simulating:   07/09/2007 00:00:00 UTC
 - Simulating:   07/10/2007 00:00:00 UTC
 - Simulating:   07/11/2007 00:00:00 UTC
 - Simulating:   07/12/2007 00:00:00 UTC
 - Simulating:   07/13/2007 00:00:00 UTC
 - Simulating:   07/14/2007 00:00:00 UTC
 - Simulating:   07/15/2007 00:00:00 UTC
 - Simulating:   07/16/2007 00:00:00 UTC
 - Simulating:   07/17/2007 00:00:00 UTC
 - Simulating:   07/18/2007 00:00:00 UTC
 - Simulating:   07/19/2007 00:00:00 UTC
 - Simulating:   07/20/2007 00:00:00 UTC
 - Simulating:   07/21/2007 00:00:00 UTC
 - Simulating:   07/22/2007 00:00:00 UTC
 - Simulating:   07/23/2007 00:00:00 UTC
 - Simulating:   07/24/2007 00:00:00 UTC
 - Simulating:   07/25/2007 00:00:00 UTC
 - Simulating:   07/26/2007 00:00:00 UTC
 - Simulating:   07/27/2007 00:00:00 UTC
 - Simulating:   07/28/2007 00:00:00 UTC
 - Simulating:   07/29/2007 00:00:00 UTC
 - Simulating:   07/30/2007 00:00:00 UTC
 - Simulating:   07/31/2007 00:00:00 UTC
 - Simulating:   08/01/2007 00:00:00 UTC
 - Simulating:   08/02/2007 00:00:00 UTC
 - Simulating:   08/03/2007 00:00:00 UTC
 - Simulating:   08/04/2007 00:00:00 UTC
 - Simulating:   08/05/2007 00:00:00 UTC
 - Simulating:   08/06/2007 00:00:00 UTC
 - Simulating:   08/07/2007 00:00:00 UTC
 - Simulating:   08/08/2007 00:00:00 UTC
 - Simulating:   08/09/2007 00:00:00 UTC
 - Simulating:   08/10/2007 00:00:00 UTC
 - Simulating:   08/11/2007 00:00:00 UTC
 - Simulating:   08/12/2007 00:00:00 UTC
 - Simulating:   08/13/2007 00:00:00 UTC
 - Simulating:   08/14/2007 00:00:00 UTC
 - Simulating:   08/15/2007 00:00:00 UTC
 - Simulating:   08/16/2007 00:00:00 UTC
 - Simulating:   08/17/2007 00:00:00 UTC
 - Simulating:   08/18/2007 00:00:00 UTC
 - Simulating:   08/19/2007 00:00:00 UTC
 - Simulating:   08/20/2007 00:00:00 UTC
 - Simulating:   08/21/2007 00:00:00 UTC
 - Simulating:   08/22/2007 00:00:00 UTC
 - Simulating:   08/23/2007 00:00:00 UTC
 - Simulating:   08/24/2007 00:00:00 UTC
 - Simulating:   08/25/2007 00:00:00 UTC
 - Simulating:   08/26/2007 00:00:00 UTC
 - Simulating:   08/27/2007 00:00:00 UTC
 - Simulating:   08/28/2007 00:00:00 UTC
 - Simulating:   08/29/2007 00:00:00 UTC
 - Simulating:   08/30/2007 00:00:00 UTC
 - Simulating:   08/31/2007 00:00:00 UTC
 - Simulating:   09/01/2007 00:00:00 UTC
 - Simulating:   09/02/2007 00:00:00 UTC
 - Simulating:   09/03/2007 00:00:00 UTC
 - Simulating:   09/04/2007 00:00:00 UTC
 - Simulating:   09/05/2007 00:00:00 UTC
 - Simulating:   09/06/2007 00:00:00 UTC
 - Simulating:   09/07/2007 00:00:00 UTC
 - Simulating:   09/08/2007 00:00:00 UTC
 - Simulating:   09/09/2007 00:00:00 UTC
 - Simulating:   09/10/2007 00:00:00 UTC
 - Simulating:   09/11/2007 00:00:00 UTC
 - Simulating:   09/12/2007 00:00:00 UTC
 - Simulating:   09/13/2007 00:00:00 UTC
 - Simulating:   09/14/2007 00:00:00 UTC
 - Simulating:   09/15/2007 00:00:00 UTC
 - Simulating:   09/16/2007 00:00:00 UTC
 - Simulating:   09/17/2007 00:00:00 UTC
 - Simulating:   09/18/2007 00:00:00 UTC
 - Simulating:   09/19/2007 00:00:00 UTC
 - Simulating:   09/20/2007 00:00:00 UTC
 - Simulating:   09/21/2007 00:00:00 UTC
 - Simulating:   09/22/2007 00:00:00 UTC
 - Simulating:   09/23/2007 00:00:00 UTC
 - Simulating:   09/24/2007 00:00:00 UTC
 - Simulating:   09/25/2007 00:00:00 UTC
 - Simulating:   09/26/2007 00:00:00 UTC
 - Simulating:   09/27/2007 00:00:00 UTC
 - Simulating:   09/28/2007 00:00:00 UTC
 - Simulating:   09/29/2007 00:00:00 UTC
 - Simulating:   09/30/2007 00:00:00 UTC
 - Simulating:   10/01/2007 00:00:00 UTC
 - Simulating:   10/02/2007 00:00:00 UTC
 - Simulating:   10/03/2007 00:00:00 UTC
 - Simulating:   10/04/2007 00:00:00 UTC
 - Simulating:   10/05/2007 00:00:00 UTC
 - Simulating:   10/06/2007 00:00:00 UTC
 - Simulating:   10/07/2007 00:00:00 UTC
 - Simulating:   10/08/2007 00:00:00 UTC
 - Simulating:   10/09/2007 00:00:00 UTC
 - Simulating:   10/10/2007 00:00:00 UTC
 - Simulating:   10/11/2007 00:00:00 UTC
 - Simulating:   10/12/2007 00:00:00 UTC
 - Simulating:   10/13/2007 00:00:00 UTC
 - Simulating:   10/14/2007 00:00:00 UTC
 - Simulating:   10/15/2007 00:00:00 UTC
 - Simulating:   10/16/2007 00:00:00 UTC
 - Simulating:   10/17/2007 00:00:00 UTC
 - Simulating:   10/18/2007 00:00:00 UTC
 - Simulating:   10/19/2007 00:00:00 UTC
 - Simulating:   10/20/2007 00:00:00 UTC
 - Simulating:   10/21/2007 00:00:00 UTC
 - Simulating:   10/22/2007 00:00:00 UTC
 - Simulating:   10/23/2007 00:00:00 UTC
 - Simulating:   10/24/2007 00:00:00 UTC
 - Simulating:   10/25/2007 00:00:00 UTC
 - Simulating:   10/26/2007 00:00:00 UTC
 - Simulating:   10/27/2007 00:00:00 UTC
 - Simulating:   10/28/2007 00:00:00 UTC
 - Simulating:   10/29/2007 00:00:00 UTC
 - Simulating:   10/30/2007 00:00:00 UTC
 - Simulating:   10/31/2007 00:00:00 UTC
 - Simulating:   11/01/2007 00:00:00 UTC
 - Simulating:   11/02/2007 00:00:00 UTC
 - Simulating:   11/03/2007 00:00:00 UTC
 - Simulating:   11/04/2007 00:00:00 UTC
 - Simulating:   11/05/2007 00:00:00 UTC
 - Simulating:   11/06/2007 00:00:00 UTC
 - Simulating:   11/07/2007 00:00:00 UTC
 - Simulating:   11/08/2007 00:00:00 UTC
 - Simulating:   11/09/2007 00:00:00 UTC
 - Simulating:   11/10/2007 00:00:00 UTC
 - Simulating:   11/11/2007 00:00:00 UTC
 - Simulating:   11/12/2007 00:00:00 UTC
 - Simulating:   11/13/2007 00:00:00 UTC
 - Simulating:   11/14/2007 00:00:00 UTC
 - Simulating:   11/15/2007 00:00:00 UTC
 - Simulating:   11/16/2007 00:00:00 UTC
 - Simulating:   11/17/2007 00:00:00 UTC
 - Simulating:   11/18/2007 00:00:00 UTC
 - Simulating:   11/19/2007 00:00:00 UTC
 - Simulating:   11/20/2007 00:00:00 UTC
 - Simulating:   11/21/2007 00:00:00 UTC
 - Simulating:   11/22/2007 00:00:00 UTC
 - Simulating:   11/23/2007 00:00:00 UTC
 - Simulating:   11/24/2007 00:00:00 UTC
 - Simulating:   11/25/2007 00:00:00 UTC
 - Simulating:   11/26/2007 00:00:00 UTC
 - Simulating:   11/27/2007 00:00:00 UTC
 - Simulating:   11/28/2007 00:00:00 UTC
 - Simulating:   11/29/2007 00:00:00 UTC
 - Simulating:   11/30/2007 00:00:00 UTC
 - Simulating:   12/01/2007 00:00:00 UTC
 - Simulating:   12/02/2007 00:00:00 UTC
 - Simulating:   12/03/2007 00:00:00 UTC
 - Simulating:   12/04/2007 00:00:00 UTC
 - Simulating:   12/05/2007 00:00:00 UTC
 - Simulating:   12/06/2007 00:00:00 UTC
 - Simulating:   12/07/2007 00:00:00 UTC
 - Simulating:   12/08/2007 00:00:00 UTC
 - Simulating:   12/09/2007 00:00:00 UTC
 - Simulating:   12/10/2007 00:00:00 UTC
 - Simulating:   12/11/2007 00:00:00 UTC
 - Simulating:   12/12/2007 00:00:00 UTC
 - Simulating:   12/13/2007 00:00:00 UTC
 - Simulating:   12/14/2007 00:00:00 UTC
 - Simulating:   12/15/2007 00:00:00 UTC
 - Simulating:   12/16/2007 00:00:00 UTC
 - Simulating:   12/17/2007 00:00:00 UTC
 - Simulating:   12/18/2007 00:00:00 UTC
 - Simulating:   12/19/2007 00:00:00 UTC
 - Simulating:   12/20/2007 00:00:00 UTC
 - Simulating:   12/21/2007 00:00:00 UTC
 - Simulating:   12/22/2007 00:00:00 UTC
 - Simulating:   12/23/2007 00:00:00 UTC
 - Simulating:   12/24/2007 00:00:00 UTC
 - Simulating:   12/25/2007 00:00:00 UTC
 - Simulating:   12/26/2007 00:00:00 UTC
 - Simulating:   12/27/2007 00:00:00 UTC
 - Simulating:   12/28/2007 00:00:00 UTC
 - Simulating:   12/29/2007 00:00:00 UTC
 - Simulating:   12/30/2007 00:00:00 UTC
 - Simulating:   12/31/2007 00:00:00 UTC
 ---> Making new patch, with area=  1.39025E-02  for dist_type=     3
Total count in node        1 for grid        1 : POLYGONS=        1 SITES=        1 PATCHES=       13 COHORTS=      255
 - Simulating:   01/01/2008 00:00:00 UTC
 - Simulating:   01/02/2008 00:00:00 UTC
 - Simulating:   01/03/2008 00:00:00 UTC
 - Simulating:   01/04/2008 00:00:00 UTC
 - Simulating:   01/05/2008 00:00:00 UTC
 - Simulating:   01/06/2008 00:00:00 UTC
 - Simulating:   01/07/2008 00:00:00 UTC
 - Simulating:   01/08/2008 00:00:00 UTC
 - Simulating:   01/09/2008 00:00:00 UTC
 - Simulating:   01/10/2008 00:00:00 UTC
 - Simulating:   01/11/2008 00:00:00 UTC
 - Simulating:   01/12/2008 00:00:00 UTC
 - Simulating:   01/13/2008 00:00:00 UTC
 - Simulating:   01/14/2008 00:00:00 UTC
 - Simulating:   01/15/2008 00:00:00 UTC
 - Simulating:   01/16/2008 00:00:00 UTC
 - Simulating:   01/17/2008 00:00:00 UTC
 - Simulating:   01/18/2008 00:00:00 UTC
 - Simulating:   01/19/2008 00:00:00 UTC
 - Simulating:   01/20/2008 00:00:00 UTC
 - Simulating:   01/21/2008 00:00:00 UTC
 - Simulating:   01/22/2008 00:00:00 UTC
 - Simulating:   01/23/2008 00:00:00 UTC
 - Simulating:   01/24/2008 00:00:00 UTC
 - Simulating:   01/25/2008 00:00:00 UTC
 - Simulating:   01/26/2008 00:00:00 UTC
 - Simulating:   01/27/2008 00:00:00 UTC
 - Simulating:   01/28/2008 00:00:00 UTC
 - Simulating:   01/29/2008 00:00:00 UTC
 - Simulating:   01/30/2008 00:00:00 UTC
 - Simulating:   01/31/2008 00:00:00 UTC
 - Simulating:   02/01/2008 00:00:00 UTC
 - Simulating:   02/02/2008 00:00:00 UTC
 - Simulating:   02/03/2008 00:00:00 UTC
 - Simulating:   02/04/2008 00:00:00 UTC
 - Simulating:   02/05/2008 00:00:00 UTC
 - Simulating:   02/06/2008 00:00:00 UTC
 - Simulating:   02/07/2008 00:00:00 UTC
 - Simulating:   02/08/2008 00:00:00 UTC
 - Simulating:   02/09/2008 00:00:00 UTC
 - Simulating:   02/10/2008 00:00:00 UTC
 - Simulating:   02/11/2008 00:00:00 UTC
 - Simulating:   02/12/2008 00:00:00 UTC
 - Simulating:   02/13/2008 00:00:00 UTC
 - Simulating:   02/14/2008 00:00:00 UTC
 - Simulating:   02/15/2008 00:00:00 UTC
 - Simulating:   02/16/2008 00:00:00 UTC
 - Simulating:   02/17/2008 00:00:00 UTC
 - Simulating:   02/18/2008 00:00:00 UTC
 - Simulating:   02/19/2008 00:00:00 UTC
 - Simulating:   02/20/2008 00:00:00 UTC
 - Simulating:   02/21/2008 00:00:00 UTC
 - Simulating:   02/22/2008 00:00:00 UTC
 - Simulating:   02/23/2008 00:00:00 UTC
 - Simulating:   02/24/2008 00:00:00 UTC
 - Simulating:   02/25/2008 00:00:00 UTC
 - Simulating:   02/26/2008 00:00:00 UTC
 - Simulating:   02/27/2008 00:00:00 UTC
 - Simulating:   02/28/2008 00:00:00 UTC
 - Simulating:   02/29/2008 00:00:00 UTC
 - Simulating:   03/01/2008 00:00:00 UTC
 - Simulating:   03/02/2008 00:00:00 UTC
 - Simulating:   03/03/2008 00:00:00 UTC
 - Simulating:   03/04/2008 00:00:00 UTC
 - Simulating:   03/05/2008 00:00:00 UTC
 - Simulating:   03/06/2008 00:00:00 UTC
 - Simulating:   03/07/2008 00:00:00 UTC
 - Simulating:   03/08/2008 00:00:00 UTC
 - Simulating:   03/09/2008 00:00:00 UTC
 - Simulating:   03/10/2008 00:00:00 UTC
 - Simulating:   03/11/2008 00:00:00 UTC
 - Simulating:   03/12/2008 00:00:00 UTC
 - Simulating:   03/13/2008 00:00:00 UTC
 - Simulating:   03/14/2008 00:00:00 UTC
 - Simulating:   03/15/2008 00:00:00 UTC
 - Simulating:   03/16/2008 00:00:00 UTC
 - Simulating:   03/17/2008 00:00:00 UTC
 - Simulating:   03/18/2008 00:00:00 UTC
 - Simulating:   03/19/2008 00:00:00 UTC
 - Simulating:   03/20/2008 00:00:00 UTC
 - Simulating:   03/21/2008 00:00:00 UTC
 - Simulating:   03/22/2008 00:00:00 UTC
 - Simulating:   03/23/2008 00:00:00 UTC
 - Simulating:   03/24/2008 00:00:00 UTC
 - Simulating:   03/25/2008 00:00:00 UTC
 - Simulating:   03/26/2008 00:00:00 UTC
 - Simulating:   03/27/2008 00:00:00 UTC
 - Simulating:   03/28/2008 00:00:00 UTC
 - Simulating:   03/29/2008 00:00:00 UTC
 - Simulating:   03/30/2008 00:00:00 UTC
 - Simulating:   03/31/2008 00:00:00 UTC
 - Simulating:   04/01/2008 00:00:00 UTC
 - Simulating:   04/02/2008 00:00:00 UTC
 - Simulating:   04/03/2008 00:00:00 UTC
 - Simulating:   04/04/2008 00:00:00 UTC
 - Simulating:   04/05/2008 00:00:00 UTC
 - Simulating:   04/06/2008 00:00:00 UTC
 - Simulating:   04/07/2008 00:00:00 UTC
 - Simulating:   04/08/2008 00:00:00 UTC
 - Simulating:   04/09/2008 00:00:00 UTC
 - Simulating:   04/10/2008 00:00:00 UTC
 - Simulating:   04/11/2008 00:00:00 UTC
 - Simulating:   04/12/2008 00:00:00 UTC
 - Simulating:   04/13/2008 00:00:00 UTC
 - Simulating:   04/14/2008 00:00:00 UTC
 - Simulating:   04/15/2008 00:00:00 UTC
 - Simulating:   04/16/2008 00:00:00 UTC
 - Simulating:   04/17/2008 00:00:00 UTC
 - Simulating:   04/18/2008 00:00:00 UTC
 - Simulating:   04/19/2008 00:00:00 UTC
 - Simulating:   04/20/2008 00:00:00 UTC
 - Simulating:   04/21/2008 00:00:00 UTC
 - Simulating:   04/22/2008 00:00:00 UTC
 - Simulating:   04/23/2008 00:00:00 UTC
 - Simulating:   04/24/2008 00:00:00 UTC
 - Simulating:   04/25/2008 00:00:00 UTC
 - Simulating:   04/26/2008 00:00:00 UTC
 - Simulating:   04/27/2008 00:00:00 UTC
 - Simulating:   04/28/2008 00:00:00 UTC
 - Simulating:   04/29/2008 00:00:00 UTC
 - Simulating:   04/30/2008 00:00:00 UTC
 - Simulating:   05/01/2008 00:00:00 UTC
 - Simulating:   05/02/2008 00:00:00 UTC
 - Simulating:   05/03/2008 00:00:00 UTC
 - Simulating:   05/04/2008 00:00:00 UTC
 - Simulating:   05/05/2008 00:00:00 UTC
 - Simulating:   05/06/2008 00:00:00 UTC
 - Simulating:   05/07/2008 00:00:00 UTC
 - Simulating:   05/08/2008 00:00:00 UTC
 - Simulating:   05/09/2008 00:00:00 UTC
 - Simulating:   05/10/2008 00:00:00 UTC
 - Simulating:   05/11/2008 00:00:00 UTC
 - Simulating:   05/12/2008 00:00:00 UTC
 - Simulating:   05/13/2008 00:00:00 UTC
 - Simulating:   05/14/2008 00:00:00 UTC
 - Simulating:   05/15/2008 00:00:00 UTC
 - Simulating:   05/16/2008 00:00:00 UTC
 - Simulating:   05/17/2008 00:00:00 UTC
 - Simulating:   05/18/2008 00:00:00 UTC
 - Simulating:   05/19/2008 00:00:00 UTC
 - Simulating:   05/20/2008 00:00:00 UTC
 - Simulating:   05/21/2008 00:00:00 UTC
 - Simulating:   05/22/2008 00:00:00 UTC
 - Simulating:   05/23/2008 00:00:00 UTC
 - Simulating:   05/24/2008 00:00:00 UTC
 - Simulating:   05/25/2008 00:00:00 UTC
 - Simulating:   05/26/2008 00:00:00 UTC
 - Simulating:   05/27/2008 00:00:00 UTC
 - Simulating:   05/28/2008 00:00:00 UTC
 - Simulating:   05/29/2008 00:00:00 UTC
 - Simulating:   05/30/2008 00:00:00 UTC
 - Simulating:   05/31/2008 00:00:00 UTC
 - Simulating:   06/01/2008 00:00:00 UTC
 - Simulating:   06/02/2008 00:00:00 UTC
 - Simulating:   06/03/2008 00:00:00 UTC
 - Simulating:   06/04/2008 00:00:00 UTC
 - Simulating:   06/05/2008 00:00:00 UTC
 - Simulating:   06/06/2008 00:00:00 UTC
 - Simulating:   06/07/2008 00:00:00 UTC
 - Simulating:   06/08/2008 00:00:00 UTC
 - Simulating:   06/09/2008 00:00:00 UTC
 - Simulating:   06/10/2008 00:00:00 UTC
 - Simulating:   06/11/2008 00:00:00 UTC
 - Simulating:   06/12/2008 00:00:00 UTC
 - Simulating:   06/13/2008 00:00:00 UTC
 - Simulating:   06/14/2008 00:00:00 UTC
 - Simulating:   06/15/2008 00:00:00 UTC
 - Simulating:   06/16/2008 00:00:00 UTC
 - Simulating:   06/17/2008 00:00:00 UTC
 - Simulating:   06/18/2008 00:00:00 UTC
 - Simulating:   06/19/2008 00:00:00 UTC
 - Simulating:   06/20/2008 00:00:00 UTC
 - Simulating:   06/21/2008 00:00:00 UTC
 - Simulating:   06/22/2008 00:00:00 UTC
 - Simulating:   06/23/2008 00:00:00 UTC
 - Simulating:   06/24/2008 00:00:00 UTC
 - Simulating:   06/25/2008 00:00:00 UTC
 - Simulating:   06/26/2008 00:00:00 UTC
 - Simulating:   06/27/2008 00:00:00 UTC
 - Simulating:   06/28/2008 00:00:00 UTC
 - Simulating:   06/29/2008 00:00:00 UTC
 - Simulating:   06/30/2008 00:00:00 UTC
 - Simulating:   07/01/2008 00:00:00 UTC
 - Simulating:   07/02/2008 00:00:00 UTC
 - Simulating:   07/03/2008 00:00:00 UTC
 - Simulating:   07/04/2008 00:00:00 UTC
 - Simulating:   07/05/2008 00:00:00 UTC
 - Simulating:   07/06/2008 00:00:00 UTC
 - Simulating:   07/07/2008 00:00:00 UTC
 - Simulating:   07/08/2008 00:00:00 UTC
 - Simulating:   07/09/2008 00:00:00 UTC
 - Simulating:   07/10/2008 00:00:00 UTC
 - Simulating:   07/11/2008 00:00:00 UTC
 - Simulating:   07/12/2008 00:00:00 UTC
 - Simulating:   07/13/2008 00:00:00 UTC
 - Simulating:   07/14/2008 00:00:00 UTC
 - Simulating:   07/15/2008 00:00:00 UTC
 - Simulating:   07/16/2008 00:00:00 UTC
 - Simulating:   07/17/2008 00:00:00 UTC
 - Simulating:   07/18/2008 00:00:00 UTC
 - Simulating:   07/19/2008 00:00:00 UTC
 - Simulating:   07/20/2008 00:00:00 UTC
 - Simulating:   07/21/2008 00:00:00 UTC
 - Simulating:   07/22/2008 00:00:00 UTC
 - Simulating:   07/23/2008 00:00:00 UTC
 - Simulating:   07/24/2008 00:00:00 UTC
 - Simulating:   07/25/2008 00:00:00 UTC
 - Simulating:   07/26/2008 00:00:00 UTC
 - Simulating:   07/27/2008 00:00:00 UTC
 - Simulating:   07/28/2008 00:00:00 UTC
 - Simulating:   07/29/2008 00:00:00 UTC
 - Simulating:   07/30/2008 00:00:00 UTC
 - Simulating:   07/31/2008 00:00:00 UTC
 - Simulating:   08/01/2008 00:00:00 UTC
 - Simulating:   08/02/2008 00:00:00 UTC
 - Simulating:   08/03/2008 00:00:00 UTC
 - Simulating:   08/04/2008 00:00:00 UTC
 - Simulating:   08/05/2008 00:00:00 UTC
 - Simulating:   08/06/2008 00:00:00 UTC
 - Simulating:   08/07/2008 00:00:00 UTC
 - Simulating:   08/08/2008 00:00:00 UTC
 - Simulating:   08/09/2008 00:00:00 UTC
 - Simulating:   08/10/2008 00:00:00 UTC
 - Simulating:   08/11/2008 00:00:00 UTC
 - Simulating:   08/12/2008 00:00:00 UTC
 - Simulating:   08/13/2008 00:00:00 UTC
 - Simulating:   08/14/2008 00:00:00 UTC
 - Simulating:   08/15/2008 00:00:00 UTC
 - Simulating:   08/16/2008 00:00:00 UTC
 - Simulating:   08/17/2008 00:00:00 UTC
 - Simulating:   08/18/2008 00:00:00 UTC
 - Simulating:   08/19/2008 00:00:00 UTC
 - Simulating:   08/20/2008 00:00:00 UTC
 - Simulating:   08/21/2008 00:00:00 UTC
 - Simulating:   08/22/2008 00:00:00 UTC
 - Simulating:   08/23/2008 00:00:00 UTC
 - Simulating:   08/24/2008 00:00:00 UTC
 - Simulating:   08/25/2008 00:00:00 UTC
 - Simulating:   08/26/2008 00:00:00 UTC
 - Simulating:   08/27/2008 00:00:00 UTC
 - Simulating:   08/28/2008 00:00:00 UTC
 - Simulating:   08/29/2008 00:00:00 UTC
 - Simulating:   08/30/2008 00:00:00 UTC
 - Simulating:   08/31/2008 00:00:00 UTC
 - Simulating:   09/01/2008 00:00:00 UTC
 - Simulating:   09/02/2008 00:00:00 UTC
 - Simulating:   09/03/2008 00:00:00 UTC
 - Simulating:   09/04/2008 00:00:00 UTC
 - Simulating:   09/05/2008 00:00:00 UTC
 - Simulating:   09/06/2008 00:00:00 UTC
 - Simulating:   09/07/2008 00:00:00 UTC
 - Simulating:   09/08/2008 00:00:00 UTC
 - Simulating:   09/09/2008 00:00:00 UTC
 - Simulating:   09/10/2008 00:00:00 UTC
 - Simulating:   09/11/2008 00:00:00 UTC
 - Simulating:   09/12/2008 00:00:00 UTC
 - Simulating:   09/13/2008 00:00:00 UTC
 - Simulating:   09/14/2008 00:00:00 UTC
 - Simulating:   09/15/2008 00:00:00 UTC
 - Simulating:   09/16/2008 00:00:00 UTC
 - Simulating:   09/17/2008 00:00:00 UTC
 - Simulating:   09/18/2008 00:00:00 UTC
 - Simulating:   09/19/2008 00:00:00 UTC
 - Simulating:   09/20/2008 00:00:00 UTC
 - Simulating:   09/21/2008 00:00:00 UTC
 - Simulating:   09/22/2008 00:00:00 UTC
 - Simulating:   09/23/2008 00:00:00 UTC
 - Simulating:   09/24/2008 00:00:00 UTC
 - Simulating:   09/25/2008 00:00:00 UTC
 - Simulating:   09/26/2008 00:00:00 UTC
 - Simulating:   09/27/2008 00:00:00 UTC
 - Simulating:   09/28/2008 00:00:00 UTC
 - Simulating:   09/29/2008 00:00:00 UTC
 - Simulating:   09/30/2008 00:00:00 UTC
 - Simulating:   10/01/2008 00:00:00 UTC
 - Simulating:   10/02/2008 00:00:00 UTC
 - Simulating:   10/03/2008 00:00:00 UTC
 - Simulating:   10/04/2008 00:00:00 UTC
 - Simulating:   10/05/2008 00:00:00 UTC
 - Simulating:   10/06/2008 00:00:00 UTC
 - Simulating:   10/07/2008 00:00:00 UTC
 - Simulating:   10/08/2008 00:00:00 UTC
 - Simulating:   10/09/2008 00:00:00 UTC
 - Simulating:   10/10/2008 00:00:00 UTC
 - Simulating:   10/11/2008 00:00:00 UTC
 - Simulating:   10/12/2008 00:00:00 UTC
 - Simulating:   10/13/2008 00:00:00 UTC
 - Simulating:   10/14/2008 00:00:00 UTC
 - Simulating:   10/15/2008 00:00:00 UTC
 - Simulating:   10/16/2008 00:00:00 UTC
 - Simulating:   10/17/2008 00:00:00 UTC
 - Simulating:   10/18/2008 00:00:00 UTC
 - Simulating:   10/19/2008 00:00:00 UTC
 - Simulating:   10/20/2008 00:00:00 UTC
 - Simulating:   10/21/2008 00:00:00 UTC
 - Simulating:   10/22/2008 00:00:00 UTC
 - Simulating:   10/23/2008 00:00:00 UTC
 - Simulating:   10/24/2008 00:00:00 UTC
 - Simulating:   10/25/2008 00:00:00 UTC
 - Simulating:   10/26/2008 00:00:00 UTC
 - Simulating:   10/27/2008 00:00:00 UTC
 - Simulating:   10/28/2008 00:00:00 UTC
 - Simulating:   10/29/2008 00:00:00 UTC
 - Simulating:   10/30/2008 00:00:00 UTC
 - Simulating:   10/31/2008 00:00:00 UTC
 - Simulating:   11/01/2008 00:00:00 UTC
 - Simulating:   11/02/2008 00:00:00 UTC
 - Simulating:   11/03/2008 00:00:00 UTC
 - Simulating:   11/04/2008 00:00:00 UTC
 - Simulating:   11/05/2008 00:00:00 UTC
 - Simulating:   11/06/2008 00:00:00 UTC
 - Simulating:   11/07/2008 00:00:00 UTC
 - Simulating:   11/08/2008 00:00:00 UTC
 - Simulating:   11/09/2008 00:00:00 UTC
 - Simulating:   11/10/2008 00:00:00 UTC
 - Simulating:   11/11/2008 00:00:00 UTC
 - Simulating:   11/12/2008 00:00:00 UTC
 - Simulating:   11/13/2008 00:00:00 UTC
 - Simulating:   11/14/2008 00:00:00 UTC
 - Simulating:   11/15/2008 00:00:00 UTC
 - Simulating:   11/16/2008 00:00:00 UTC
 - Simulating:   11/17/2008 00:00:00 UTC
 - Simulating:   11/18/2008 00:00:00 UTC
 - Simulating:   11/19/2008 00:00:00 UTC
 - Simulating:   11/20/2008 00:00:00 UTC
 - Simulating:   11/21/2008 00:00:00 UTC
 - Simulating:   11/22/2008 00:00:00 UTC
 - Simulating:   11/23/2008 00:00:00 UTC
 - Simulating:   11/24/2008 00:00:00 UTC
 - Simulating:   11/25/2008 00:00:00 UTC
 - Simulating:   11/26/2008 00:00:00 UTC
 - Simulating:   11/27/2008 00:00:00 UTC
 - Simulating:   11/28/2008 00:00:00 UTC
 - Simulating:   11/29/2008 00:00:00 UTC
 - Simulating:   11/30/2008 00:00:00 UTC
 - Simulating:   12/01/2008 00:00:00 UTC
 - Simulating:   12/02/2008 00:00:00 UTC
 - Simulating:   12/03/2008 00:00:00 UTC
 - Simulating:   12/04/2008 00:00:00 UTC
 - Simulating:   12/05/2008 00:00:00 UTC
 - Simulating:   12/06/2008 00:00:00 UTC
 - Simulating:   12/07/2008 00:00:00 UTC
 - Simulating:   12/08/2008 00:00:00 UTC
 - Simulating:   12/09/2008 00:00:00 UTC
 - Simulating:   12/10/2008 00:00:00 UTC
 - Simulating:   12/11/2008 00:00:00 UTC
 - Simulating:   12/12/2008 00:00:00 UTC
 - Simulating:   12/13/2008 00:00:00 UTC
 - Simulating:   12/14/2008 00:00:00 UTC
 - Simulating:   12/15/2008 00:00:00 UTC
 - Simulating:   12/16/2008 00:00:00 UTC
 - Simulating:   12/17/2008 00:00:00 UTC
 - Simulating:   12/18/2008 00:00:00 UTC
 - Simulating:   12/19/2008 00:00:00 UTC
 - Simulating:   12/20/2008 00:00:00 UTC
 - Simulating:   12/21/2008 00:00:00 UTC
 - Simulating:   12/22/2008 00:00:00 UTC
 - Simulating:   12/23/2008 00:00:00 UTC
 - Simulating:   12/24/2008 00:00:00 UTC
 - Simulating:   12/25/2008 00:00:00 UTC
 - Simulating:   12/26/2008 00:00:00 UTC
 - Simulating:   12/27/2008 00:00:00 UTC
 - Simulating:   12/28/2008 00:00:00 UTC
 - Simulating:   12/29/2008 00:00:00 UTC
 - Simulating:   12/30/2008 00:00:00 UTC
 - Simulating:   12/31/2008 00:00:00 UTC
 ---> Making new patch, with area=  1.39025E-02  for dist_type=     3
Total count in node        1 for grid        1 : POLYGONS=        1 SITES=        1 PATCHES=       14 COHORTS=      277
 - Simulating:   01/01/2009 00:00:00 UTC
 - Simulating:   01/02/2009 00:00:00 UTC
 - Simulating:   01/03/2009 00:00:00 UTC
forrtl: error (78): process killed (SIGTERM)
Image              PC                Routine            Line        Source             
ed_2.1-opt-lianas  0000000100CEFE61  Unknown               Unknown  Unknown
ed_2.1-opt-lianas  0000000100CEE411  Unknown               Unknown  Unknown
ed_2.1-opt-lianas  0000000100CBD501  Unknown               Unknown  Unknown
ed_2.1-opt-lianas  0000000100C59FBA  Unknown               Unknown  Unknown
ed_2.1-opt-lianas  0000000100C64625  Unknown               Unknown  Unknown

Stack trace terminated abnormally.
