\BOOKMARK [0][-]{chapter.1}{\376\377\000N\000a\000m\000e\000s\000p\000a\000c\000e\000\040\000I\000n\000d\000e\000x}{}
\BOOKMARK [1][-]{section.1.1}{\376\377\000N\000a\000m\000e\000s\000p\000a\000c\000e\000\040\000L\000i\000s\000t}{chapter.1}
\BOOKMARK [0][-]{chapter.2}{\376\377\000C\000l\000a\000s\000s\000\040\000I\000n\000d\000e\000x}{}
\BOOKMARK [1][-]{section.2.1}{\376\377\000C\000l\000a\000s\000s\000\040\000L\000i\000s\000t}{chapter.2}
\BOOKMARK [0][-]{chapter.3}{\376\377\000N\000a\000m\000e\000s\000p\000a\000c\000e\000\040\000D\000o\000c\000u\000m\000e\000n\000t\000a\000t\000i\000o\000n}{}
\BOOKMARK [1][-]{section.3.1}{\376\377\000g\000r\000o\000w\000t\000h\000\137\000b\000a\000l\000i\000v\000e\000\040\000N\000a\000m\000e\000s\000p\000a\000c\000e\000\040\000R\000e\000f\000e\000r\000e\000n\000c\000e}{chapter.3}
\BOOKMARK [2][-]{subsection.3.1.1}{\376\377\000D\000e\000t\000a\000i\000l\000e\000d\000\040\000D\000e\000s\000c\000r\000i\000p\000t\000i\000o\000n}{section.3.1}
\BOOKMARK [2][-]{subsection.3.1.2}{\376\377\000F\000u\000n\000c\000t\000i\000o\000n\000\040\000D\000o\000c\000u\000m\000e\000n\000t\000a\000t\000i\000o\000n}{section.3.1}
\BOOKMARK [3][-]{subsubsection.3.1.2.1}{\376\377\000d\000b\000a\000l\000i\000v\000e\000\137\000d\000t}{subsection.3.1.2}
\BOOKMARK [3][-]{subsubsection.3.1.2.2}{\376\377\000g\000e\000t\000\137\000c\000\137\000x\000f\000e\000r\000s}{subsection.3.1.2}
\BOOKMARK [0][-]{chapter.4}{\376\377\000C\000l\000a\000s\000s\000\040\000D\000o\000c\000u\000m\000e\000n\000t\000a\000t\000i\000o\000n}{}
\BOOKMARK [1][-]{section.4.1}{\376\377\000r\000k\0004\000\137\000c\000o\000m\000s\000:\000:\000b\000d\000f\0002\000p\000a\000t\000c\000h\000t\000y\000p\000e\000\040\000S\000t\000r\000u\000c\000t\000\040\000R\000e\000f\000e\000r\000e\000n\000c\000e}{chapter.4}
\BOOKMARK [1][-]{section.4.2}{\376\377\000c\000a\000n\000o\000p\000y\000\137\000l\000a\000y\000e\000r\000\137\000c\000o\000m\000s\000:\000:\000c\000a\000n\000s\000t\000r\000t\000y\000p\000e\000\040\000S\000t\000r\000u\000c\000t\000\040\000R\000e\000f\000e\000r\000e\000n\000c\000e}{chapter.4}
\BOOKMARK [1][-]{section.4.3}{\376\377\000c\0003\0004\000c\000o\000n\000s\000t\000a\000n\000t\000s\000:\000:\000c\000a\000r\000b\000\137\000d\000e\000m\000a\000n\000d\000\137\000v\000a\000r\000s\000\040\000S\000t\000r\000u\000c\000t\000\040\000R\000e\000f\000e\000r\000e\000n\000c\000e}{chapter.4}
\BOOKMARK [1][-]{section.4.4}{\376\377\000e\000d\000\137\000s\000t\000a\000t\000e\000\137\000v\000a\000r\000s\000:\000:\000e\000d\000t\000y\000p\000e\000\040\000S\000t\000r\000u\000c\000t\000\040\000R\000e\000f\000e\000r\000e\000n\000c\000e}{chapter.4}
\BOOKMARK [1][-]{section.4.5}{\376\377\000e\000n\000a\000m\000e\000\137\000c\000o\000m\000s\000:\000:\000e\000n\000a\000m\000e\000\137\000v\000a\000r\000s\000\040\000S\000t\000r\000u\000c\000t\000\040\000R\000e\000f\000e\000r\000e\000n\000c\000e}{chapter.4}
\BOOKMARK [1][-]{section.4.6}{\376\377\000c\0003\0004\000c\000o\000n\000s\000t\000a\000n\000t\000s\000:\000:\000f\000a\000r\000q\000\137\000c\000o\000n\000s\000t\000s\000\040\000S\000t\000r\000u\000c\000t\000\040\000R\000e\000f\000e\000r\000e\000n\000c\000e}{chapter.4}
\BOOKMARK [1][-]{section.4.7}{\376\377\000a\000n\000\137\000h\000e\000a\000d\000e\000r\000:\000:\000h\000e\000a\000d\000\137\000t\000a\000b\000l\000e\000\040\000S\000t\000r\000u\000c\000t\000\040\000R\000e\000f\000e\000r\000e\000n\000c\000e}{chapter.4}
\BOOKMARK [1][-]{section.4.8}{\376\377\000r\000k\0004\000\137\000c\000o\000m\000s\000:\000:\000i\000n\000t\000e\000g\000r\000a\000t\000i\000o\000n\000\137\000v\000a\000r\000s\000\040\000S\000t\000r\000u\000c\000t\000\040\000R\000e\000f\000e\000r\000e\000n\000c\000e}{chapter.4}
\BOOKMARK [1][-]{section.4.9}{\376\377\000l\000i\000b\000x\000m\000l\0002\000f\0009\0000\000\137\000i\000n\000t\000e\000r\000f\000a\000c\000e\000\137\000m\000o\000d\000u\000l\000e\000:\000:\000l\000i\000b\000x\000m\000l\0002\000f\0009\0000\000\137\000\137\000a\000d\000d\000i\000d\000\040\000I\000n\000t\000e\000r\000f\000a\000c\000e\000\040\000R\000e\000f\000e\000r\000e\000n\000c\000e}{chapter.4}
\BOOKMARK [1][-]{section.4.10}{\376\377\000l\000i\000b\000x\000m\000l\0002\000f\0009\0000\000\137\000i\000n\000t\000e\000r\000f\000a\000c\000e\000\137\000m\000o\000d\000u\000l\000e\000:\000:\000l\000i\000b\000x\000m\000l\0002\000f\0009\0000\000\137\000\137\000g\000e\000t\000i\000d\000\040\000I\000n\000t\000e\000r\000f\000a\000c\000e\000\040\000R\000e\000f\000e\000r\000e\000n\000c\000e}{chapter.4}
\BOOKMARK [1][-]{section.4.11}{\376\377\000l\000i\000b\000x\000m\000l\0002\000f\0009\0000\000\137\000i\000n\000t\000e\000r\000f\000a\000c\000e\000\137\000m\000o\000d\000u\000l\000e\000:\000:\000l\000i\000b\000x\000m\000l\0002\000f\0009\0000\000\137\000\137\000g\000e\000t\000p\000i\000d\000\040\000I\000n\000t\000e\000r\000f\000a\000c\000e\000\040\000R\000e\000f\000e\000r\000e\000n\000c\000e}{chapter.4}
\BOOKMARK [1][-]{section.4.12}{\376\377\000l\000l\000\137\000m\000o\000d\000u\000l\000e\000:\000:\000l\000l\000\137\000t\000y\000p\000e\000\040\000S\000t\000r\000u\000c\000t\000\040\000R\000e\000f\000e\000r\000e\000n\000c\000e}{chapter.4}
\BOOKMARK [1][-]{section.4.13}{\376\377\000d\000i\000s\000t\000u\000r\000b\000\137\000c\000o\000m\000s\000:\000:\000l\000u\000t\000i\000m\000e\000\040\000S\000t\000r\000u\000c\000t\000\040\000R\000e\000f\000e\000r\000e\000n\000c\000e}{chapter.4}
\BOOKMARK [1][-]{section.4.14}{\376\377\000m\000e\000t\000\137\000d\000r\000i\000v\000e\000r\000\137\000c\000o\000m\000s\000:\000:\000m\000e\000t\000\137\000d\000r\000i\000v\000\137\000d\000a\000t\000a\000\040\000S\000t\000r\000u\000c\000t\000\040\000R\000e\000f\000e\000r\000e\000n\000c\000e}{chapter.4}
\BOOKMARK [1][-]{section.4.15}{\376\377\000m\000e\000t\000\137\000d\000r\000i\000v\000e\000r\000\137\000c\000o\000m\000s\000:\000:\000m\000e\000t\000\137\000d\000r\000i\000v\000\137\000s\000t\000a\000t\000e\000\040\000S\000t\000r\000u\000c\000t\000\040\000R\000e\000f\000e\000r\000e\000n\000c\000e}{chapter.4}
\BOOKMARK [1][-]{section.4.16}{\376\377\000c\0003\0004\000c\000o\000n\000s\000t\000a\000n\000t\000s\000:\000:\000m\000e\000t\000i\000n\000p\000\137\000v\000a\000r\000s\000\040\000S\000t\000r\000u\000c\000t\000\040\000R\000e\000f\000e\000r\000e\000n\000c\000e}{chapter.4}
\BOOKMARK [1][-]{section.4.17}{\376\377\000l\000i\000b\000x\000m\000l\0002\000f\0009\0000\000\137\000s\000t\000r\000i\000n\000g\000s\000\137\000m\000o\000d\000u\000l\000e\000:\000:\000O\000P\000E\000R\000A\000T\000O\000R\000\050\000+\000\051\000\040\000I\000n\000t\000e\000r\000f\000a\000c\000e\000\040\000R\000e\000f\000e\000r\000e\000n\000c\000e}{chapter.4}
\BOOKMARK [1][-]{section.4.18}{\376\377\000l\000i\000b\000x\000m\000l\0002\000f\0009\0000\000\137\000s\000t\000r\000i\000n\000g\000s\000\137\000m\000o\000d\000u\000l\000e\000:\000:\000O\000P\000E\000R\000A\000T\000O\000R\000\050\000-\000\051\000\040\000I\000n\000t\000e\000r\000f\000a\000c\000e\000\040\000R\000e\000f\000e\000r\000e\000n\000c\000e}{chapter.4}
\BOOKMARK [1][-]{section.4.19}{\376\377\000l\000i\000b\000x\000m\000l\0002\000f\0009\0000\000\137\000s\000t\000r\000i\000n\000g\000s\000\137\000m\000o\000d\000u\000l\000e\000:\000:\000O\000P\000E\000R\000A\000T\000O\000R\000\050\000.\000i\000t\000o\000s\000.\000\051\000\040\000I\000n\000t\000e\000r\000f\000a\000c\000e\000\040\000R\000e\000f\000e\000r\000e\000n\000c\000e}{chapter.4}
\BOOKMARK [1][-]{section.4.20}{\376\377\000l\000i\000b\000x\000m\000l\0002\000f\0009\0000\000\137\000s\000t\000r\000i\000n\000g\000s\000\137\000m\000o\000d\000u\000l\000e\000:\000:\000O\000P\000E\000R\000A\000T\000O\000R\000\050\000.\000r\000t\000o\000s\000.\000\051\000\040\000I\000n\000t\000e\000r\000f\000a\000c\000e\000\040\000R\000e\000f\000e\000r\000e\000n\000c\000e}{chapter.4}
\BOOKMARK [1][-]{section.4.21}{\376\377\000l\000l\000\137\000m\000o\000d\000u\000l\000e\000:\000:\000o\000p\000e\000r\000a\000t\000o\000r\000\050\000.\000x\000m\000l\000e\000q\000.\000\051\000\040\000I\000n\000t\000e\000r\000f\000a\000c\000e\000\040\000R\000e\000f\000e\000r\000e\000n\000c\000e}{chapter.4}
\BOOKMARK [1][-]{section.4.22}{\376\377\000e\000d\000\137\000s\000t\000a\000t\000e\000\137\000v\000a\000r\000s\000:\000:\000p\000a\000t\000c\000h\000t\000y\000p\000e\000\040\000S\000t\000r\000u\000c\000t\000\040\000R\000e\000f\000e\000r\000e\000n\000c\000e}{chapter.4}
\BOOKMARK [1][-]{section.4.23}{\376\377\000e\000d\000\137\000s\000t\000a\000t\000e\000\137\000v\000a\000r\000s\000:\000:\000p\000o\000l\000y\000g\000o\000n\000t\000y\000p\000e\000\040\000S\000t\000r\000u\000c\000t\000\040\000R\000e\000f\000e\000r\000e\000n\000c\000e}{chapter.4}
\BOOKMARK [1][-]{section.4.24}{\376\377\000p\000h\000e\000n\000o\000l\000o\000g\000y\000\137\000c\000o\000m\000s\000:\000:\000p\000r\000e\000s\000c\000r\000i\000b\000e\000d\000\137\000p\000h\000e\000n\000\040\000S\000t\000r\000u\000c\000t\000\040\000R\000e\000f\000e\000r\000e\000n\000c\000e}{chapter.4}
\BOOKMARK [1][-]{section.4.25}{\376\377\000c\000a\000n\000o\000p\000y\000\137\000r\000a\000d\000i\000a\000t\000i\000o\000n\000\137\000c\000o\000m\000s\000:\000:\000r\000a\000d\000s\000c\000r\000t\000y\000p\000e\000\040\000S\000t\000r\000u\000c\000t\000\040\000R\000e\000f\000e\000r\000e\000n\000c\000e}{chapter.4}
\BOOKMARK [1][-]{section.4.26}{\376\377\000p\000f\000t\000\137\000c\000o\000m\000s\000:\000:\000r\000e\000c\000r\000u\000i\000t\000t\000y\000p\000e\000\040\000S\000t\000r\000u\000c\000t\000\040\000R\000e\000f\000e\000r\000e\000n\000c\000e}{chapter.4}
\BOOKMARK [1][-]{section.4.27}{\376\377\000r\000k\0004\000\137\000c\000o\000m\000s\000:\000:\000r\000k\0004\000a\000u\000x\000t\000y\000p\000e\000\040\000S\000t\000r\000u\000c\000t\000\040\000R\000e\000f\000e\000r\000e\000n\000c\000e}{chapter.4}
\BOOKMARK [1][-]{section.4.28}{\376\377\000r\000k\0004\000\137\000c\000o\000m\000s\000:\000:\000r\000k\0004\000p\000a\000t\000c\000h\000t\000y\000p\000e\000\040\000S\000t\000r\000u\000c\000t\000\040\000R\000e\000f\000e\000r\000e\000n\000c\000e}{chapter.4}
\BOOKMARK [1][-]{section.4.29}{\376\377\000r\000k\0004\000\137\000c\000o\000m\000s\000:\000:\000r\000k\0004\000s\000i\000t\000e\000t\000y\000p\000e\000\040\000S\000t\000r\000u\000c\000t\000\040\000R\000e\000f\000e\000r\000e\000n\000c\000e}{chapter.4}
\BOOKMARK [1][-]{section.4.30}{\376\377\000e\000d\000\137\000m\000i\000s\000c\000\137\000c\000o\000m\000s\000:\000:\000s\000i\000m\000t\000i\000m\000e\000\040\000S\000t\000r\000u\000c\000t\000\040\000R\000e\000f\000e\000r\000e\000n\000c\000e}{chapter.4}
\BOOKMARK [1][-]{section.4.31}{\376\377\000e\000d\000\137\000s\000t\000a\000t\000e\000\137\000v\000a\000r\000s\000:\000:\000s\000i\000t\000e\000t\000y\000p\000e\000\040\000S\000t\000r\000u\000c\000t\000\040\000R\000e\000f\000e\000r\000e\000n\000c\000e}{chapter.4}
\BOOKMARK [1][-]{section.4.32}{\376\377\000s\000o\000i\000l\000\137\000c\000o\000m\000s\000:\000:\000s\000o\000i\000l\000\137\000c\000l\000a\000s\000s\000\040\000S\000t\000r\000u\000c\000t\000\040\000R\000e\000f\000e\000r\000e\000n\000c\000e}{chapter.4}
\BOOKMARK [1][-]{section.4.33}{\376\377\000s\000o\000i\000l\000\137\000c\000o\000m\000s\000:\000:\000s\000o\000i\000l\000\137\000c\000l\000a\000s\000s\0008\000\040\000S\000t\000r\000u\000c\000t\000\040\000R\000e\000f\000e\000r\000e\000n\000c\000e}{chapter.4}
\BOOKMARK [1][-]{section.4.34}{\376\377\000s\000o\000i\000l\000\137\000c\000o\000m\000s\000:\000:\000s\000o\000i\000l\000c\000o\000l\000\137\000c\000l\000a\000s\000s\000\040\000S\000t\000r\000u\000c\000t\000\040\000R\000e\000f\000e\000r\000e\000n\000c\000e}{chapter.4}
\BOOKMARK [1][-]{section.4.35}{\376\377\000c\0003\0004\000c\000o\000n\000s\000t\000a\000n\000t\000s\000:\000:\000s\000o\000l\000u\000t\000i\000o\000n\000\137\000v\000a\000r\000s\000\040\000S\000t\000r\000u\000c\000t\000\040\000R\000e\000f\000e\000r\000e\000n\000c\000e}{chapter.4}
\BOOKMARK [1][-]{section.4.36}{\376\377\000e\000d\000\137\000v\000a\000r\000\137\000t\000a\000b\000l\000e\000s\000:\000:\000v\000a\000r\000\137\000t\000a\000b\000l\000e\000\040\000S\000t\000r\000u\000c\000t\000\040\000R\000e\000f\000e\000r\000e\000n\000c\000e}{chapter.4}
\BOOKMARK [1][-]{section.4.37}{\376\377\000e\000d\000\137\000v\000a\000r\000\137\000t\000a\000b\000l\000e\000s\000:\000:\000v\000a\000r\000\137\000t\000a\000b\000l\000e\000\137\000v\000e\000c\000t\000o\000r\000\040\000S\000t\000r\000u\000c\000t\000\040\000R\000e\000f\000e\000r\000e\000n\000c\000e}{chapter.4}
\BOOKMARK [1][-]{section.4.38}{\376\377\000s\000o\000i\000l\000\137\000c\000o\000m\000s\000:\000:\000v\000e\000g\000\137\000c\000l\000a\000s\000s\000\040\000S\000t\000r\000u\000c\000t\000\040\000R\000e\000f\000e\000r\000e\000n\000c\000e}{chapter.4}
\BOOKMARK [1][-]{section.4.39}{\376\377\000e\000d\000\137\000w\000o\000r\000k\000\137\000v\000a\000r\000s\000:\000:\000w\000o\000r\000k\000\137\000v\000a\000r\000s\000\040\000S\000t\000r\000u\000c\000t\000\040\000R\000e\000f\000e\000r\000e\000n\000c\000e}{chapter.4}
\BOOKMARK [1][-]{section.4.40}{\376\377\000e\000d\000\137\000w\000o\000r\000k\000\137\000v\000a\000r\000s\000:\000:\000w\000o\000r\000k\000\137\000v\000e\000c\000s\000\040\000S\000t\000r\000u\000c\000t\000\040\000R\000e\000f\000e\000r\000e\000n\000c\000e}{chapter.4}
